{"level":"info","message":"Hello from Acquisitions logs!","service":"acquisitions-api"}
{"level":"info","message":"::1 - - [23/Mar/2026:02:00:57 +0000] \"GET / HTTP/1.1\" 304 - \"-\" \"Mozilla/5.0 (Windows NT 10.0; Win64; x64) AppleWebKit/537.36 (KHTML, like Gecko) Chrome/146.0.0.0 Safari/537.36\"","service":"acquisitions-api"}
{"level":"info","message":"Hello from Acquisitions logs!","service":"acquisitions-api"}
{"level":"info","message":"::1 - - [23/Mar/2026:02:01:52 +0000] \"GET / HTTP/1.1\" 304 - \"-\" \"Mozilla/5.0 (Windows NT 10.0; Win64; x64) AppleWebKit/537.36 (KHTML, like Gecko) Chrome/146.0.0.0 Safari/537.36\"","service":"acquisitions-api"}
{"level":"info","message":"::1 - - [23/Mar/2026:02:01:54 +0000] \"GET /.well-known/appspecific/com.chrome.devtools.json HTTP/1.1\" 404 187 \"-\" \"Mozilla/5.0 (Windows NT 10.0; Win64; x64) AppleWebKit/537.36 (KHTML, like Gecko) Chrome/146.0.0.0 Safari/537.36\"","service":"acquisitions-api"}
{"level":"info","message":"Hello from Acquisitions logs!","service":"acquisitions-api"}
{"level":"info","message":"::1 - - [23/Mar/2026:02:02:07 +0000] \"GET / HTTP/1.1\" 304 - \"-\" \"Mozilla/5.0 (Windows NT 10.0; Win64; x64) AppleWebKit/537.36 (KHTML, like Gecko) Chrome/146.0.0.0 Safari/537.36\"","service":"acquisitions-api"}
{"level":"info","message":"Hello from Acquisitions logs!","service":"acquisitions-api"}
{"level":"info","message":"::1 - - [23/Mar/2026:02:03:24 +0000] \"GET / HTTP/1.1\" 304 - \"-\" \"Mozilla/5.0 (Windows NT 10.0; Win64; x64) AppleWebKit/537.36 (KHTML, like Gecko) Chrome/146.0.0.0 Safari/537.36\"","service":"acquisitions-api"}
{"level":"info","message":"::1 - - [23/Mar/2026:02:03:24 +0000] \"GET /.well-known/appspecific/com.chrome.devtools.json HTTP/1.1\" 404 187 \"-\" \"Mozilla/5.0 (Windows NT 10.0; Win64; x64) AppleWebKit/537.36 (KHTML, like Gecko) Chrome/146.0.0.0 Safari/537.36\"","service":"acquisitions-api"}
{"level":"info","message":"Hello from Acquisitions logs!","service":"acquisitions-api"}
{"level":"info","message":"::1 - - [23/Mar/2026:02:03:48 +0000] \"GET / HTTP/1.1\" 304 - \"-\" \"Mozilla/5.0 (Windows NT 10.0; Win64; x64) AppleWebKit/537.36 (KHTML, like Gecko) Chrome/146.0.0.0 Safari/537.36\"","service":"acquisitions-api"}
{"level":"info","message":"Hello from Acquisitions logs!","service":"acquisitions-api"}
{"level":"info","message":"::1 - - [23/Mar/2026:02:05:03 +0000] \"GET / HTTP/1.1\" 304 - \"-\" \"Mozilla/5.0 (Windows NT 10.0; Win64; x64) AppleWebKit/537.36 (KHTML, like Gecko) Chrome/146.0.0.0 Safari/537.36\"","service":"acquisitions-api"}
{"level":"info","message":"::1 - - [23/Mar/2026:02:51:28 +0000] \"GET /api HTTP/1.1\" 200 41 \"-\" \"HTTPie\"","service":"acquisitions-api"}
{"level":"info","message":"Hello from Acquisitions logs!","service":"acquisitions-api"}
{"level":"info","message":"::1 - - [23/Mar/2026:02:51:33 +0000] \"GET / HTTP/1.1\" 200 23 \"-\" \"HTTPie\"","service":"acquisitions-api"}
{"level":"info","message":"::1 - - [23/Mar/2026:02:51:37 +0000] \"GET /health HTTP/1.1\" 200 73 \"-\" \"HTTPie\"","service":"acquisitions-api"}
{"level":"info","message":"Hello from Acquisitions logs!","service":"acquisitions-api"}
{"level":"info","message":"::1 - - [23/Mar/2026:02:52:16 +0000] \"GET / HTTP/1.1\" 200 23 \"-\" \"HTTPie\"","service":"acquisitions-api"}
{"level":"info","message":"::1 - - [23/Mar/2026:02:52:20 +0000] \"GET /api HTTP/1.1\" 200 41 \"-\" \"HTTPie\"","service":"acquisitions-api"}
{"level":"info","message":"::1 - - [23/Mar/2026:02:52:24 +0000] \"GET /health HTTP/1.1\" 200 74 \"-\" \"HTTPie\"","service":"acquisitions-api"}
{"level":"info","message":"::1 - - [23/Mar/2026:02:52:45 +0000] \"GET /api/auth/sign-in HTTP/1.1\" 404 155 \"-\" \"HTTPie\"","service":"acquisitions-api"}
{"level":"info","message":"::1 - - [23/Mar/2026:02:52:55 +0000] \"POST /api/auth/sign-in HTTP/1.1\" 200 31 \"-\" \"HTTPie\"","service":"acquisitions-api"}
{"level":"info","message":"Hello from Acquisitions logs!","service":"acquisitions-api"}
{"level":"info","message":"::1 - - [23/Mar/2026:23:52:45 +0000] \"GET / HTTP/1.1\" 200 23 \"-\" \"Mozilla/5.0 (Windows NT 10.0; Win64; x64) AppleWebKit/537.36 (KHTML, like Gecko) Chrome/146.0.0.0 Safari/537.36\"","service":"acquisitions-api"}
{"level":"info","message":"::1 - - [23/Mar/2026:23:52:45 +0000] \"GET /favicon.ico HTTP/1.1\" 404 150 \"-\" \"Mozilla/5.0 (Windows NT 10.0; Win64; x64) AppleWebKit/537.36 (KHTML, like Gecko) Chrome/146.0.0.0 Safari/537.36\"","service":"acquisitions-api"}
{"level":"info","message":"::1 - - [23/Mar/2026:23:52:52 +0000] \"POST /api/auth/sign-in HTTP/1.1\" 200 31 \"-\" \"HTTPie\"","service":"acquisitions-api"}
{"level":"info","message":"::1 - - [23/Mar/2026:23:52:58 +0000] \"POST /api/ HTTP/1.1\" 404 144 \"-\" \"HTTPie\"","service":"acquisitions-api"}
{"level":"info","message":"::1 - - [23/Mar/2026:23:53:02 +0000] \"GET /api/ HTTP/1.1\" 200 41 \"-\" \"HTTPie\"","service":"acquisitions-api"}
{"level":"info","message":"::1 - - [23/Mar/2026:23:53:12 +0000] \"GET /health HTTP/1.1\" 200 74 \"-\" \"HTTPie\"","service":"acquisitions-api"}
{"level":"info","message":"Hello from Acquisitions logs!","service":"acquisitions-api"}
{"level":"info","message":"::1 - - [23/Mar/2026:23:53:22 +0000] \"GET / HTTP/1.1\" 304 - \"-\" \"Mozilla/5.0 (Windows NT 10.0; Win64; x64) AppleWebKit/537.36 (KHTML, like Gecko) Chrome/146.0.0.0 Safari/537.36\"","service":"acquisitions-api"}
{"level":"info","message":"Hello from Acquisitions logs!","service":"acquisitions-api"}
{"level":"info","message":"::1 - - [24/Mar/2026:00:52:08 +0000] \"GET / HTTP/1.1\" 304 - \"-\" \"Mozilla/5.0 (Windows NT 10.0; Win64; x64) AppleWebKit/537.36 (KHTML, like Gecko) Chrome/146.0.0.0 Safari/537.36\"","service":"acquisitions-api"}
{"level":"info","message":"::1 - - [24/Mar/2026:00:52:14 +0000] \"GET /health HTTP/1.1\" 200 76 \"-\" \"HTTPie\"","service":"acquisitions-api"}
{"level":"info","message":"::1 - - [24/Mar/2026:03:15:57 +0000] \"GET /api/auth/sign-up HTTP/1.1\" 404 155 \"-\" \"HTTPie\"","service":"acquisitions-api"}
{"level":"info","message":"::1 - - [24/Mar/2026:03:16:04 +0000] \"POST /api/auth/sign-up HTTP/1.1\" 200 31 \"-\" \"HTTPie\"","service":"acquisitions-api"}
{"level":"info","message":"::1 - - [24/Mar/2026:03:22:22 +0000] \"POST /api/auth/sign-up HTTP/1.1\" 400 92 \"-\" \"HTTPie\"","service":"acquisitions-api"}
{"level":"info","message":"::1 - - [24/Mar/2026:03:24:01 +0000] \"POST /api/auth/sign-up HTTP/1.1\" 400 144 \"-\" \"HTTPie\"","service":"acquisitions-api"}
{"level":"info","message":"::1 - - [24/Mar/2026:03:24:26 +0000] \"POST /api/auth/sign-up HTTP/1.1\" 400 91 \"-\" \"HTTPie\"","service":"acquisitions-api"}
{"level":"info","message":"User registered successfully: contact@tekzeus.com","service":"acquisitions-api"}
{"level":"info","message":"::1 - - [24/Mar/2026:03:24:36 +0000] \"POST /api/auth/sign-up HTTP/1.1\" 201 104 \"-\" \"HTTPie\"","service":"acquisitions-api"}
{"level":"info","message":"User registered successfully: contact@test.com","service":"acquisitions-api"}
{"level":"info","message":"::1 - - [24/Mar/2026:03:24:53 +0000] \"POST /api/auth/sign-up HTTP/1.1\" 201 101 \"-\" \"HTTPie\"","service":"acquisitions-api"}
{"level":"info","message":"User empetrov@test.com created successfully","service":"acquisitions-api"}
{"level":"error","message":"Signup error logger is not defined","service":"acquisitions-api","stack":"ReferenceError: logger is not defined\n    at Object.sign (file:///C:/Users/elvis/React/Projects/acquisitions/src/utils/jwt.js:11:13)\n    at signup (file:///C:/Users/elvis/React/Projects/acquisitions/src/controllers/auth.controller.js:24:32)\n    at process.processTicksAndRejections (node:internal/process/task_queues:105:5)"}
{"level":"info","message":"::1 - - [24/Mar/2026:03:54:29 +0000] \"POST /api/auth/sign-up HTTP/1.1\" 500 489 \"-\" \"HTTPie\"","service":"acquisitions-api"}
{"level":"error","message":"Error creating the user: Error: Failed query: insert into \"users\" (\"id\", \"name\", \"email\", \"password\", \"role\", \"created_at\", \"updated_at\") values (default, $1, $2, $3, $4, default, default) returning \"id\", \"name\", \"email\", \"role\", \"created_at\"\nparams: Elvis,empetrov@test.com,$2b$10$cGyxdxbaxb2KpVZdibaqCOlT9eTNoh0HqkZwot2MSkzk3wqlzLKbC,admin","service":"acquisitions-api"}
{"level":"error","message":"Signup error Cannot read properties of undefined (reading 'id')","service":"acquisitions-api","stack":"TypeError: Cannot read properties of undefined (reading 'id')\n    at signup (file:///C:/Users/elvis/React/Projects/acquisitions/src/controllers/auth.controller.js:24:48)\n    at process.processTicksAndRejections (node:internal/process/task_queues:105:5)"}
{"level":"info","message":"::1 - - [24/Mar/2026:03:55:35 +0000] \"POST /api/auth/sign-up HTTP/1.1\" 500 413 \"-\" \"HTTPie\"","service":"acquisitions-api"}
{"level":"error","message":"Error creating the user: Error: Failed query: insert into \"users\" (\"id\", \"name\", \"email\", \"password\", \"role\", \"created_at\", \"updated_at\") values (default, $1, $2, $3, $4, default, default) returning \"id\", \"name\", \"email\", \"role\", \"created_at\"\nparams: Elvis,empetrov@test.com,$2b$10$PuOtiiINnvwLUL2tgFyeGOn6uxZvuBdl0mjjecZysklneUD5.Xqw6,admin","service":"acquisitions-api"}
{"level":"error","message":"Signup error Cannot read properties of undefined (reading 'id')","service":"acquisitions-api","stack":"TypeError: Cannot read properties of undefined (reading 'id')\n    at signup (file:///C:/Users/elvis/React/Projects/acquisitions/src/controllers/auth.controller.js:24:48)\n    at process.processTicksAndRejections (node:internal/process/task_queues:105:5)"}
{"level":"info","message":"::1 - - [24/Mar/2026:03:56:17 +0000] \"POST /api/auth/sign-up HTTP/1.1\" 500 413 \"-\" \"HTTPie\"","service":"acquisitions-api"}
{"level":"error","message":"Error creating the user: Error: Failed query: insert into \"users\" (\"id\", \"name\", \"email\", \"password\", \"role\", \"created_at\", \"updated_at\") values (default, $1, $2, $3, $4, default, default) returning \"id\", \"name\", \"email\", \"role\", \"created_at\"\nparams: Elvis,empetrov@test.com,$2b$10$c/6wpb5h2lAlOpWPtzpuDe47ydrffUn04UaOIUPbYMlyezE/L4gsq,admin","service":"acquisitions-api"}
{"level":"error","message":"Signup error Cannot read properties of undefined (reading 'id')","service":"acquisitions-api","stack":"TypeError: Cannot read properties of undefined (reading 'id')\n    at signup (file:///C:/Users/elvis/React/Projects/acquisitions/src/controllers/auth.controller.js:24:48)\n    at process.processTicksAndRejections (node:internal/process/task_queues:105:5)"}
{"level":"info","message":"::1 - - [24/Mar/2026:03:58:19 +0000] \"POST /api/auth/sign-up HTTP/1.1\" 500 413 \"-\" \"HTTPie\"","service":"acquisitions-api"}
{"level":"error","message":"Error creating the user: Error: Failed query: insert into \"users\" (\"id\", \"name\", \"email\", \"password\", \"role\", \"created_at\", \"updated_at\") values (default, $1, $2, $3, $4, default, default) returning \"id\", \"name\", \"email\", \"role\", \"created_at\"\nparams: Elvis,empetrov@test.com,$2b$10$uveIhAtkkfWz/fbxYsguSOgA5Dzj6aBTD4heBZ0ihFu2hqftMeKi6,admin","service":"acquisitions-api"}
{"level":"error","message":"Signup error Cannot read properties of undefined (reading 'id')","service":"acquisitions-api","stack":"TypeError: Cannot read properties of undefined (reading 'id')\n    at signup (file:///C:/Users/elvis/React/Projects/acquisitions/src/controllers/auth.controller.js:24:48)\n    at process.processTicksAndRejections (node:internal/process/task_queues:105:5)"}
{"level":"info","message":"::1 - - [24/Mar/2026:04:03:17 +0000] \"POST /api/auth/sign-up HTTP/1.1\" 500 413 \"-\" \"HTTPie\"","service":"acquisitions-api"}
{"level":"error","message":"Error creating the user: Error: Failed query: insert into \"users\" (\"id\", \"name\", \"email\", \"password\", \"role\", \"created_at\", \"updated_at\") values (default, $1, $2, $3, $4, default, default) returning \"id\", \"name\", \"email\", \"role\", \"created_at\"\nparams: Elvis,empetrov@test.com,$2b$10$pLtrLQ4rIDCUED36IwkJs.n1TC.UAKnHgS.z4OvOlRyz60pJ95bkm,admin","service":"acquisitions-api"}
{"level":"error","message":"Signup error existingUser is not defined","service":"acquisitions-api","stack":"ReferenceError: existingUser is not defined\n    at createUser (file:///C:/Users/elvis/React/Projects/acquisitions/src/services/auth.service.js:37:71)\n    at process.processTicksAndRejections (node:internal/process/task_queues:105:5)\n    at async signup (file:///C:/Users/elvis/React/Projects/acquisitions/src/controllers/auth.controller.js:22:22)"}
{"level":"info","message":"::1 - - [24/Mar/2026:04:05:21 +0000] \"POST /api/auth/sign-up HTTP/1.1\" 500 512 \"-\" \"HTTPie\"","service":"acquisitions-api"}
{"level":"error","message":"Error creating the user: Error: Failed query: insert into \"users\" (\"id\", \"name\", \"email\", \"password\", \"role\", \"created_at\", \"updated_at\") values (default, $1, $2, $3, $4, default, default) returning \"id\", \"name\", \"email\", \"role\", \"created_at\"\nparams: Elvis,empetrov@test.com,$2b$10$hJlQAau/QByZ9vzku5powuQRVFVskmkYyDmWmX92PWh42MDXowK/W,admin","service":"acquisitions-api"}
{"level":"error","message":"Signup error existingUser is not defined","service":"acquisitions-api","stack":"ReferenceError: existingUser is not defined\n    at createUser (file:///C:/Users/elvis/React/Projects/acquisitions/src/services/auth.service.js:37:71)\n    at process.processTicksAndRejections (node:internal/process/task_queues:105:5)\n    at async signup (file:///C:/Users/elvis/React/Projects/acquisitions/src/controllers/auth.controller.js:22:22)"}
{"level":"info","message":"::1 - - [24/Mar/2026:04:05:27 +0000] \"POST /api/auth/sign-up HTTP/1.1\" 500 512 \"-\" \"HTTPie\"","service":"acquisitions-api"}
{"level":"info","message":"User harry@test.com created successfully","service":"acquisitions-api"}
{"level":"error","message":"Failed to authenticate token \"expiresIN\" is not allowed in \"options\"","service":"acquisitions-api","stack":"Error: \"expiresIN\" is not allowed in \"options\"\n    at C:\\Users\\elvis\\React\\Projects\\acquisitions\\node_modules\\jsonwebtoken\\sign.js:51:17\n    at Array.forEach (<anonymous>)\n    at validate (C:\\Users\\elvis\\React\\Projects\\acquisitions\\node_modules\\jsonwebtoken\\sign.js:47:6)\n    at validateOptions (C:\\Users\\elvis\\React\\Projects\\acquisitions\\node_modules\\jsonwebtoken\\sign.js:62:10)\n    at module.exports [as sign] (C:\\Users\\elvis\\React\\Projects\\acquisitions\\node_modules\\jsonwebtoken\\sign.js:171:5)\n    at Object.sign (file:///C:/Users/elvis/React/Projects/acquisitions/src/utils/jwt.js:10:24)\n    at signup (file:///C:/Users/elvis/React/Projects/acquisitions/src/controllers/auth.controller.js:24:32)\n    at process.processTicksAndRejections (node:internal/process/task_queues:105:5)"}
{"level":"error","message":"Signup error Failed to authenticate token","service":"acquisitions-api","stack":"Error: Failed to authenticate token\n    at Object.sign (file:///C:/Users/elvis/React/Projects/acquisitions/src/utils/jwt.js:13:19)\n    at signup (file:///C:/Users/elvis/React/Projects/acquisitions/src/controllers/auth.controller.js:24:32)\n    at process.processTicksAndRejections (node:internal/process/task_queues:105:5)"}
{"level":"info","message":"::1 - - [24/Mar/2026:04:06:20 +0000] \"POST /api/auth/sign-up HTTP/1.1\" 500 487 \"-\" \"HTTPie\"","service":"acquisitions-api"}
{"level":"error","message":"Error creating the user: Error: Failed query: insert into \"users\" (\"id\", \"name\", \"email\", \"password\", \"role\", \"created_at\", \"updated_at\") values (default, $1, $2, $3, $4, default, default) returning \"id\", \"name\", \"email\", \"role\", \"created_at\"\nparams: Harry,harry@test.com,$2b$10$/wzTKkH/OpB5Du6ow.Gr3.5IlO.DyqqGbuMKLJL6h88hzFaZIg032,user","service":"acquisitions-api"}
{"level":"error","message":"Signup error Cannot read properties of undefined (reading 'id')","service":"acquisitions-api","stack":"TypeError: Cannot read properties of undefined (reading 'id')\n    at signup (file:///C:/Users/elvis/React/Projects/acquisitions/src/controllers/auth.controller.js:24:48)\n    at process.processTicksAndRejections (node:internal/process/task_queues:105:5)"}
{"level":"info","message":"::1 - - [24/Mar/2026:04:07:30 +0000] \"POST /api/auth/sign-up HTTP/1.1\" 500 413 \"-\" \"HTTPie\"","service":"acquisitions-api"}
{"level":"info","message":"User harry@test.com created successfully","service":"acquisitions-api"}
{"level":"error","message":"Failed to authenticate token \"expiresIN\" is not allowed in \"options\"","service":"acquisitions-api","stack":"Error: \"expiresIN\" is not allowed in \"options\"\n    at C:\\Users\\elvis\\React\\Projects\\acquisitions\\node_modules\\jsonwebtoken\\sign.js:51:17\n    at Array.forEach (<anonymous>)\n    at validate (C:\\Users\\elvis\\React\\Projects\\acquisitions\\node_modules\\jsonwebtoken\\sign.js:47:6)\n    at validateOptions (C:\\Users\\elvis\\React\\Projects\\acquisitions\\node_modules\\jsonwebtoken\\sign.js:62:10)\n    at module.exports [as sign] (C:\\Users\\elvis\\React\\Projects\\acquisitions\\node_modules\\jsonwebtoken\\sign.js:171:5)\n    at Object.sign (file:///C:/Users/elvis/React/Projects/acquisitions/src/utils/jwt.js:10:24)\n    at signup (file:///C:/Users/elvis/React/Projects/acquisitions/src/controllers/auth.controller.js:24:32)\n    at process.processTicksAndRejections (node:internal/process/task_queues:105:5)"}
{"level":"error","message":"Signup error Failed to authenticate token","service":"acquisitions-api","stack":"Error: Failed to authenticate token\n    at Object.sign (file:///C:/Users/elvis/React/Projects/acquisitions/src/utils/jwt.js:13:19)\n    at signup (file:///C:/Users/elvis/React/Projects/acquisitions/src/controllers/auth.controller.js:24:32)\n    at process.processTicksAndRejections (node:internal/process/task_queues:105:5)"}
{"level":"info","message":"::1 - - [24/Mar/2026:04:07:51 +0000] \"POST /api/auth/sign-up HTTP/1.1\" 500 487 \"-\" \"HTTPie\"","service":"acquisitions-api"}
{"level":"info","message":"User elvis@test.com created successfully","service":"acquisitions-api"}
{"level":"error","message":"Failed to authenticate token \"expiresIN\" is not allowed in \"options\"","service":"acquisitions-api","stack":"Error: \"expiresIN\" is not allowed in \"options\"\n    at C:\\Users\\elvis\\React\\Projects\\acquisitions\\node_modules\\jsonwebtoken\\sign.js:51:17\n    at Array.forEach (<anonymous>)\n    at validate (C:\\Users\\elvis\\React\\Projects\\acquisitions\\node_modules\\jsonwebtoken\\sign.js:47:6)\n    at validateOptions (C:\\Users\\elvis\\React\\Projects\\acquisitions\\node_modules\\jsonwebtoken\\sign.js:62:10)\n    at module.exports [as sign] (C:\\Users\\elvis\\React\\Projects\\acquisitions\\node_modules\\jsonwebtoken\\sign.js:171:5)\n    at Object.sign (file:///C:/Users/elvis/React/Projects/acquisitions/src/utils/jwt.js:10:24)\n    at signup (file:///C:/Users/elvis/React/Projects/acquisitions/src/controllers/auth.controller.js:24:32)\n    at process.processTicksAndRejections (node:internal/process/task_queues:105:5)"}
{"level":"error","message":"Signup error Failed to authenticate token","service":"acquisitions-api","stack":"Error: Failed to authenticate token\n    at Object.sign (file:///C:/Users/elvis/React/Projects/acquisitions/src/utils/jwt.js:13:19)\n    at signup (file:///C:/Users/elvis/React/Projects/acquisitions/src/controllers/auth.controller.js:24:32)\n    at process.processTicksAndRejections (node:internal/process/task_queues:105:5)"}
{"level":"info","message":"::1 - - [24/Mar/2026:04:10:02 +0000] \"POST /api/auth/sign-up HTTP/1.1\" 500 487 \"-\" \"HTTPie\"","service":"acquisitions-api"}
{"level":"info","message":"User elvis@test.com created successfully","service":"acquisitions-api"}
{"level":"info","message":"User registered successfully: elvis@test.com","service":"acquisitions-api"}
{"level":"info","message":"::1 - - [24/Mar/2026:04:12:00 +0000] \"POST /api/auth/sign-up HTTP/1.1\" 201 101 \"-\" \"HTTPie\"","service":"acquisitions-api"}
{"level":"info","message":"User harry@test.com created successfully","service":"acquisitions-api"}
{"level":"info","message":"User registered successfully: harry@test.com","service":"acquisitions-api"}
{"level":"info","message":"::1 - - [24/Mar/2026:04:13:24 +0000] \"POST /api/auth/sign-up HTTP/1.1\" 201 100 \"-\" \"HTTPie\"","service":"acquisitions-api"}
{"level":"info","message":"Hello from Acquisitions logs!","service":"acquisitions-api"}
{"level":"info","message":"::1 - - [27/Mar/2026:02:14:29 +0000] \"GET / HTTP/1.1\" 200 23 \"-\" \"Mozilla/5.0 (Windows NT 10.0; Win64; x64) AppleWebKit/537.36 (KHTML, like Gecko) Chrome/146.0.0.0 Safari/537.36\"","service":"acquisitions-api"}
{"level":"info","message":"::ffff:127.0.0.1 - - [27/Mar/2026:02:14:31 +0000] \"GET /favicon.ico HTTP/1.1\" 404 150 \"-\" \"Mozilla/5.0 (Windows NT 10.0; Win64; x64) AppleWebKit/537.36 (KHTML, like Gecko) Chrome/146.0.0.0 Safari/537.36\"","service":"acquisitions-api"}
{"level":"info","message":"Hello from Acquisitions logs!","service":"acquisitions-api"}
{"level":"info","message":"::ffff:127.0.0.1 - - [27/Mar/2026:02:14:38 +0000] \"GET / HTTP/1.1\" 304 - \"-\" \"Mozilla/5.0 (Windows NT 10.0; Win64; x64) AppleWebKit/537.36 (KHTML, like Gecko) Chrome/146.0.0.0 Safari/537.36\"","service":"acquisitions-api"}
{"level":"info","message":"Hello from Acquisitions logs!","service":"acquisitions-api"}
{"level":"info","message":"::1 - - [30/Mar/2026:18:09:25 +0000] \"GET / HTTP/1.1\" 200 23 \"-\" \"Mozilla/5.0 (Windows NT 10.0; Win64; x64) AppleWebKit/537.36 (KHTML, like Gecko) Chrome/146.0.0.0 Safari/537.36\"","service":"acquisitions-api"}
{"level":"info","message":"::ffff:127.0.0.1 - - [30/Mar/2026:18:09:26 +0000] \"GET /favicon.ico HTTP/1.1\" 404 150 \"-\" \"Mozilla/5.0 (Windows NT 10.0; Win64; x64) AppleWebKit/537.36 (KHTML, like Gecko) Chrome/146.0.0.0 Safari/537.36\"","service":"acquisitions-api"}
{"level":"error","message":"Sign-in error: ReferenceError: authenticateUser is not defined","service":"acquisitions-api"}
{"level":"info","message":"::1 - - [30/Mar/2026:20:16:36 +0000] \"POST /api/auth/sign-in HTTP/1.1\" 500 1317 \"-\" \"HTTPie\"","service":"acquisitions-api"}
{"level":"info","message":"User harry@test.com authenticated successfully","service":"acquisitions-api"}
{"level":"info","message":"User signed in successfully: harry@test.com","service":"acquisitions-api"}
{"level":"info","message":"::1 - - [30/Mar/2026:20:17:34 +0000] \"POST /api/auth/sign-in HTTP/1.1\" 200 112 \"-\" \"HTTPie\"","service":"acquisitions-api"}
{"level":"info","message":"User signed out successfully","service":"acquisitions-api"}
{"level":"info","message":"::1 - - [30/Mar/2026:20:18:31 +0000] \"POST /api/auth/sign-out HTTP/1.1\" 200 42 \"-\" \"HTTPie\"","service":"acquisitions-api"}
{"level":"info","message":"User harry@test.com authenticated successfully","service":"acquisitions-api"}
{"level":"info","message":"User signed in successfully: harry@test.com","service":"acquisitions-api"}
{"level":"info","message":"::1 - - [30/Mar/2026:20:18:50 +0000] \"POST /api/auth/sign-in HTTP/1.1\" 200 112 \"-\" \"HTTPie\"","service":"acquisitions-api"}
